2015-11-17 9:12:27 - PHP Notice:  Undefined variable: button_save in /var/www/html/cart/admin/view/template/module/bday.tpl on line 6
2015-11-17 9:12:27 - PHP Notice:  Undefined variable: cancel in /var/www/html/cart/admin/view/template/module/bday.tpl on line 7
2015-11-17 9:12:27 - PHP Notice:  Undefined variable: button_cancel in /var/www/html/cart/admin/view/template/module/bday.tpl on line 7
2015-11-17 9:12:27 - PHP Notice:  Undefined variable: heading_title in /var/www/html/cart/admin/view/template/module/bday.tpl on line 8
2015-11-17 9:12:27 - PHP Notice:  Undefined variable: breadcrumbs in /var/www/html/cart/admin/view/template/module/bday.tpl on line 10
2015-11-17 9:12:27 - PHP Warning:  Invalid argument supplied for foreach() in /var/www/html/cart/admin/view/template/module/bday.tpl on line 10
2015-11-17 9:28:39 - PHP Notice:  Undefined variable: button_save in /var/www/html/cart/admin/view/template/module/bday.tpl on line 6
2015-11-17 9:28:39 - PHP Notice:  Undefined variable: cancel in /var/www/html/cart/admin/view/template/module/bday.tpl on line 7
2015-11-17 9:28:39 - PHP Notice:  Undefined variable: button_cancel in /var/www/html/cart/admin/view/template/module/bday.tpl on line 7
2015-11-17 9:28:39 - PHP Notice:  Undefined variable: breadcrumbs in /var/www/html/cart/admin/view/template/module/bday.tpl on line 10
2015-11-17 9:28:39 - PHP Warning:  Invalid argument supplied for foreach() in /var/www/html/cart/admin/view/template/module/bday.tpl on line 10
2015-11-17 9:31:52 - PHP Notice:  Undefined variable: button_save in /var/www/html/cart/admin/view/template/module/bday.tpl on line 6
2015-11-17 9:31:52 - PHP Notice:  Undefined variable: cancel in /var/www/html/cart/admin/view/template/module/bday.tpl on line 7
2015-11-17 9:31:52 - PHP Notice:  Undefined variable: button_cancel in /var/www/html/cart/admin/view/template/module/bday.tpl on line 7
2015-11-17 9:32:16 - PHP Notice:  Undefined variable: button_save in /var/www/html/cart/admin/view/template/module/bday.tpl on line 6
2015-11-17 9:32:16 - PHP Notice:  Undefined variable: cancel in /var/www/html/cart/admin/view/template/module/bday.tpl on line 7
2015-11-17 9:32:16 - PHP Notice:  Undefined variable: button_cancel in /var/www/html/cart/admin/view/template/module/bday.tpl on line 7
2015-11-17 9:32:16 - PHP Notice:  Undefined variable: breadcrumbs in /var/www/html/cart/admin/view/template/module/bday.tpl on line 10
2015-11-17 9:32:16 - PHP Warning:  Invalid argument supplied for foreach() in /var/www/html/cart/admin/view/template/module/bday.tpl on line 10
2015-11-17 9:32:45 - PHP Notice:  Undefined variable: button_save in /var/www/html/cart/admin/view/template/module/bday.tpl on line 6
2015-11-17 9:32:45 - PHP Notice:  Undefined variable: cancel in /var/www/html/cart/admin/view/template/module/bday.tpl on line 7
2015-11-17 9:32:45 - PHP Notice:  Undefined variable: button_cancel in /var/www/html/cart/admin/view/template/module/bday.tpl on line 7
2015-11-17 9:32:45 - PHP Notice:  Undefined variable: breadcrumbs in /var/www/html/cart/admin/view/template/module/bday.tpl on line 10
2015-11-17 9:32:45 - PHP Warning:  Invalid argument supplied for foreach() in /var/www/html/cart/admin/view/template/module/bday.tpl on line 10
2015-11-17 9:32:52 - PHP Notice:  Undefined variable: button_save in /var/www/html/cart/admin/view/template/module/bday.tpl on line 6
2015-11-17 9:32:52 - PHP Notice:  Undefined variable: cancel in /var/www/html/cart/admin/view/template/module/bday.tpl on line 7
2015-11-17 9:32:52 - PHP Notice:  Undefined variable: button_cancel in /var/www/html/cart/admin/view/template/module/bday.tpl on line 7
2015-11-17 9:33:40 - PHP Notice:  Undefined variable: button_save in /var/www/html/cart/admin/view/template/module/bday.tpl on line 6
2015-11-17 9:33:40 - PHP Notice:  Undefined variable: cancel in /var/www/html/cart/admin/view/template/module/bday.tpl on line 7
2015-11-17 9:33:40 - PHP Notice:  Undefined variable: button_cancel in /var/www/html/cart/admin/view/template/module/bday.tpl on line 7
2015-11-17 9:34:35 - PHP Notice:  Undefined variable: button_save in /var/www/html/cart/admin/view/template/module/bday.tpl on line 6
2015-11-17 9:34:35 - PHP Notice:  Undefined variable: cancel in /var/www/html/cart/admin/view/template/module/bday.tpl on line 7
2015-11-17 9:34:35 - PHP Notice:  Undefined variable: button_cancel in /var/www/html/cart/admin/view/template/module/bday.tpl on line 7
2015-11-17 9:36:11 - PHP Notice:  Undefined variable: button_save in /var/www/html/cart/admin/view/template/module/bday.tpl on line 6
2015-11-17 9:36:11 - PHP Notice:  Undefined variable: button_cancel in /var/www/html/cart/admin/view/template/module/bday.tpl on line 7
2015-11-17 9:36:22 - PHP Notice:  Undefined variable: button_save in /var/www/html/cart/admin/view/template/module/bday.tpl on line 6
2015-11-17 9:36:22 - PHP Notice:  Undefined variable: button_cancel in /var/www/html/cart/admin/view/template/module/bday.tpl on line 7
2015-11-17 9:41:30 - PHP Notice:  Undefined variable: button_save in /var/www/html/cart/admin/view/template/module/bday.tpl on line 6
2015-11-17 9:41:30 - PHP Notice:  Undefined variable: button_cancel in /var/www/html/cart/admin/view/template/module/bday.tpl on line 7
2015-11-17 9:44:23 - PHP Notice:  Undefined variable: button_save in /var/www/html/cart/admin/view/template/module/bday.tpl on line 6
2015-11-17 9:44:23 - PHP Notice:  Undefined variable: button_cancel in /var/www/html/cart/admin/view/template/module/bday.tpl on line 7
2015-11-17 9:44:48 - PHP Notice:  Undefined variable: button_save in /var/www/html/cart/admin/view/template/module/bday.tpl on line 6
2015-11-17 9:44:48 - PHP Notice:  Undefined variable: button_cancel in /var/www/html/cart/admin/view/template/module/bday.tpl on line 7
2015-11-17 9:44:58 - PHP Notice:  Undefined variable: button_save in /var/www/html/cart/admin/view/template/module/bday.tpl on line 6
2015-11-17 9:44:58 - PHP Notice:  Undefined variable: button_cancel in /var/www/html/cart/admin/view/template/module/bday.tpl on line 7
2015-11-17 9:53:49 - PHP Notice:  Undefined variable: button_save in /var/www/html/cart/admin/view/template/module/bday.tpl on line 6
2015-11-17 9:53:49 - PHP Notice:  Undefined variable: button_cancel in /var/www/html/cart/admin/view/template/module/bday.tpl on line 7
2015-11-17 9:53:49 - PHP Notice:  Undefined variable: error_warning in /var/www/html/cart/admin/view/template/module/bday.tpl on line 17
2015-11-17 9:53:49 - PHP Notice:  Undefined variable: text_header in /var/www/html/cart/admin/view/template/module/bday.tpl on line 29
2015-11-17 9:53:49 - PHP Notice:  Undefined variable: easycheck_header in /var/www/html/cart/admin/view/template/module/bday.tpl on line 31
2015-11-17 9:53:49 - PHP Notice:  Undefined variable: entry_status in /var/www/html/cart/admin/view/template/module/bday.tpl on line 35
2015-11-17 9:53:49 - PHP Notice:  Undefined variable: easycheck_status in /var/www/html/cart/admin/view/template/module/bday.tpl on line 38
2015-11-17 9:53:49 - PHP Notice:  Undefined variable: text_enabled in /var/www/html/cart/admin/view/template/module/bday.tpl on line 42
2015-11-17 9:53:49 - PHP Notice:  Undefined variable: text_disabled in /var/www/html/cart/admin/view/template/module/bday.tpl on line 43
2015-11-17 10:07:29 - PHP Notice:  Undefined variable: button_save in /var/www/html/cart/admin/view/template/module/bday.tpl on line 6
2015-11-17 10:07:29 - PHP Notice:  Undefined variable: button_cancel in /var/www/html/cart/admin/view/template/module/bday.tpl on line 7
2015-11-17 10:07:29 - PHP Notice:  Undefined variable: error_warning in /var/www/html/cart/admin/view/template/module/bday.tpl on line 17
2015-11-17 10:07:29 - PHP Notice:  Undefined variable: status in /var/www/html/cart/admin/view/template/module/bday.tpl on line 27
2015-11-17 10:07:29 - PHP Notice:  Undefined variable: status in /var/www/html/cart/admin/view/template/module/bday.tpl on line 30
2015-11-17 10:10:31 - PHP Notice:  Undefined variable: button_save in /var/www/html/cart/admin/view/template/module/bday.tpl on line 6
2015-11-17 10:10:31 - PHP Notice:  Undefined variable: button_cancel in /var/www/html/cart/admin/view/template/module/bday.tpl on line 7
2015-11-17 10:10:31 - PHP Notice:  Undefined variable: error_warning in /var/www/html/cart/admin/view/template/module/bday.tpl on line 17
2015-11-17 10:10:31 - PHP Notice:  Undefined variable: status in /var/www/html/cart/admin/view/template/module/bday.tpl on line 27
2015-11-17 10:10:31 - PHP Notice:  Undefined variable: status in /var/www/html/cart/admin/view/template/module/bday.tpl on line 30
2015-11-17 10:13:03 - PHP Notice:  Undefined variable: button_save in /var/www/html/cart/admin/view/template/module/bday.tpl on line 6
2015-11-17 10:13:03 - PHP Notice:  Undefined variable: button_cancel in /var/www/html/cart/admin/view/template/module/bday.tpl on line 7
2015-11-17 10:13:03 - PHP Notice:  Undefined variable: error_warning in /var/www/html/cart/admin/view/template/module/bday.tpl on line 17
2015-11-17 10:14:39 - PHP Notice:  Undefined variable: button_save in /var/www/html/cart/admin/view/template/module/bday.tpl on line 6
2015-11-17 10:14:39 - PHP Notice:  Undefined variable: button_cancel in /var/www/html/cart/admin/view/template/module/bday.tpl on line 7
2015-11-17 10:14:39 - PHP Notice:  Undefined variable: error_warning in /var/www/html/cart/admin/view/template/module/bday.tpl on line 17
2015-11-17 10:22:42 - PHP Notice:  Undefined variable: button_save in /var/www/html/cart/admin/view/template/module/bday.tpl on line 6
2015-11-17 10:22:42 - PHP Notice:  Undefined variable: button_cancel in /var/www/html/cart/admin/view/template/module/bday.tpl on line 7
2015-11-17 10:22:42 - PHP Notice:  Undefined variable: error_warning in /var/www/html/cart/admin/view/template/module/bday.tpl on line 17
2015-11-17 10:22:42 - PHP Notice:  Undefined variable: type in /var/www/html/cart/admin/view/template/module/bday.tpl on line 40
2015-11-17 10:22:42 - PHP Notice:  Undefined variable: type in /var/www/html/cart/admin/view/template/module/bday.tpl on line 43
2015-11-17 10:22:42 - PHP Notice:  Undefined variable: percentage in /var/www/html/cart/admin/view/template/module/bday.tpl on line 47
2015-11-17 10:22:42 - PHP Notice:  Undefined variable: fixed in /var/www/html/cart/admin/view/template/module/bday.tpl on line 48
2015-11-17 10:23:24 - PHP Notice:  Undefined variable: button_save in /var/www/html/cart/admin/view/template/module/bday.tpl on line 6
2015-11-17 10:23:24 - PHP Notice:  Undefined variable: button_cancel in /var/www/html/cart/admin/view/template/module/bday.tpl on line 7
2015-11-17 10:23:24 - PHP Notice:  Undefined variable: error_warning in /var/www/html/cart/admin/view/template/module/bday.tpl on line 17
2015-11-17 10:23:24 - PHP Notice:  Undefined variable: type in /var/www/html/cart/admin/view/template/module/bday.tpl on line 40
2015-11-17 10:23:24 - PHP Notice:  Undefined variable: type in /var/www/html/cart/admin/view/template/module/bday.tpl on line 43
2015-11-17 10:23:24 - PHP Notice:  Undefined variable: percentage in /var/www/html/cart/admin/view/template/module/bday.tpl on line 47
2015-11-17 10:23:24 - PHP Notice:  Undefined variable: fixed in /var/www/html/cart/admin/view/template/module/bday.tpl on line 48
2015-11-17 10:42:08 - PHP Notice:  Undefined variable: button_save in /var/www/html/cart/admin/view/template/module/bday.tpl on line 6
2015-11-17 10:42:08 - PHP Notice:  Undefined variable: button_cancel in /var/www/html/cart/admin/view/template/module/bday.tpl on line 7
2015-11-17 10:42:08 - PHP Notice:  Undefined variable: error_warning in /var/www/html/cart/admin/view/template/module/bday.tpl on line 17
2015-11-17 10:50:45 - PHP Notice:  Undefined variable: button_save in /var/www/html/cart/admin/view/template/module/bday.tpl on line 6
2015-11-17 10:50:45 - PHP Notice:  Undefined variable: button_cancel in /var/www/html/cart/admin/view/template/module/bday.tpl on line 7
2015-11-17 10:50:45 - PHP Notice:  Undefined variable: error_warning in /var/www/html/cart/admin/view/template/module/bday.tpl on line 18
2015-11-17 10:59:46 - PHP Notice:  Undefined variable: button_save in /var/www/html/cart/admin/view/template/module/bday.tpl on line 7
2015-11-17 10:59:46 - PHP Notice:  Undefined variable: button_cancel in /var/www/html/cart/admin/view/template/module/bday.tpl on line 10
2015-11-17 11:09:22 - PHP Notice:  Undefined variable: button_save in /var/www/html/cart/admin/view/template/module/bday.tpl on line 7
2015-11-17 11:09:22 - PHP Notice:  Undefined variable: button_cancel in /var/www/html/cart/admin/view/template/module/bday.tpl on line 10
2015-11-17 11:09:22 - PHP Notice:  Undefined variable: entry_status in /var/www/html/cart/admin/view/template/module/bday.tpl on line 25
2015-11-17 11:13:17 - PHP Notice:  Undefined variable: button_save in /var/www/html/cart/admin/view/template/module/bday.tpl on line 7
2015-11-17 11:13:17 - PHP Notice:  Undefined variable: button_cancel in /var/www/html/cart/admin/view/template/module/bday.tpl on line 10
2015-11-17 11:15:16 - PHP Notice:  Undefined variable: button_save in /var/www/html/cart/admin/view/template/module/bday.tpl on line 7
2015-11-17 11:15:16 - PHP Notice:  Undefined variable: button_cancel in /var/www/html/cart/admin/view/template/module/bday.tpl on line 10
2015-11-17 11:20:53 - PHP Notice:  Undefined variable: button_save in /var/www/html/cart/admin/view/template/module/bday.tpl on line 7
2015-11-17 11:20:53 - PHP Notice:  Undefined variable: button_cancel in /var/www/html/cart/admin/view/template/module/bday.tpl on line 10
2015-11-17 11:20:53 - PHP Notice:  Undefined variable: error_warning in /var/www/html/cart/admin/view/template/module/bday.tpl on line 24
2015-11-17 11:26:34 - PHP Notice:  Undefined variable: button_save in /var/www/html/cart/admin/view/template/module/bday.tpl on line 7
2015-11-17 11:26:34 - PHP Notice:  Undefined variable: button_cancel in /var/www/html/cart/admin/view/template/module/bday.tpl on line 10
2015-11-17 11:26:34 - PHP Notice:  Undefined variable: error_warning in /var/www/html/cart/admin/view/template/module/bday.tpl on line 24
2015-11-17 11:30:16 - PHP Notice:  Undefined variable: button_save in /var/www/html/cart/admin/view/template/module/bday.tpl on line 7
2015-11-17 11:30:16 - PHP Notice:  Undefined variable: button_cancel in /var/www/html/cart/admin/view/template/module/bday.tpl on line 10
2015-11-17 11:30:16 - PHP Notice:  Undefined variable: error_warning in /var/www/html/cart/admin/view/template/module/bday.tpl on line 24
2015-11-17 11:31:14 - PHP Notice:  Undefined variable: button_save in /var/www/html/cart/admin/view/template/module/bday.tpl on line 7
2015-11-17 11:31:14 - PHP Notice:  Undefined variable: button_cancel in /var/www/html/cart/admin/view/template/module/bday.tpl on line 10
2015-11-17 11:31:14 - PHP Notice:  Undefined variable: error_warning in /var/www/html/cart/admin/view/template/module/bday.tpl on line 24
2015-11-17 11:34:35 - PHP Notice:  Undefined variable: button_save in /var/www/html/cart/admin/view/template/module/bday.tpl on line 7
2015-11-17 11:34:35 - PHP Notice:  Undefined variable: button_cancel in /var/www/html/cart/admin/view/template/module/bday.tpl on line 10
2015-11-17 11:34:35 - PHP Notice:  Undefined variable: error_warning in /var/www/html/cart/admin/view/template/module/bday.tpl on line 24
2015-11-17 11:37:53 - PHP Notice:  Undefined variable: button_save in /var/www/html/cart/admin/view/template/module/bday.tpl on line 7
2015-11-17 11:37:53 - PHP Notice:  Undefined variable: button_cancel in /var/www/html/cart/admin/view/template/module/bday.tpl on line 10
2015-11-17 11:37:53 - PHP Notice:  Undefined variable: error_warning in /var/www/html/cart/admin/view/template/module/bday.tpl on line 24
2015-11-17 12:01:07 - PHP Notice:  Undefined variable: button_save in /var/www/html/cart/admin/view/template/module/bday.tpl on line 7
2015-11-17 12:01:07 - PHP Notice:  Undefined variable: button_cancel in /var/www/html/cart/admin/view/template/module/bday.tpl on line 10
2015-11-17 12:02:48 - PHP Notice:  Undefined variable: button_save in /var/www/html/cart/admin/view/template/module/bday.tpl on line 7
2015-11-17 12:02:48 - PHP Notice:  Undefined variable: button_cancel in /var/www/html/cart/admin/view/template/module/bday.tpl on line 10
2015-11-17 12:03:39 - PHP Notice:  Undefined variable: button_save in /var/www/html/cart/admin/view/template/module/bday.tpl on line 7
2015-11-17 12:03:39 - PHP Notice:  Undefined variable: button_cancel in /var/www/html/cart/admin/view/template/module/bday.tpl on line 10
2015-11-17 12:04:11 - PHP Notice:  Undefined variable: button_save in /var/www/html/cart/admin/view/template/module/bday.tpl on line 7
2015-11-17 12:04:11 - PHP Notice:  Undefined variable: button_cancel in /var/www/html/cart/admin/view/template/module/bday.tpl on line 10
2015-11-17 12:05:40 - PHP Notice:  Undefined variable: button_save in /var/www/html/cart/admin/view/template/module/bday.tpl on line 7
2015-11-17 12:05:40 - PHP Notice:  Undefined variable: button_cancel in /var/www/html/cart/admin/view/template/module/bday.tpl on line 10
2015-11-17 12:23:00 - PHP Notice:  Undefined variable: button_save in /var/www/html/cart/admin/view/template/module/bday.tpl on line 7
2015-11-17 12:23:00 - PHP Notice:  Undefined variable: button_cancel in /var/www/html/cart/admin/view/template/module/bday.tpl on line 10
2015-11-17 12:27:10 - PHP Notice:  Undefined variable: button_save in /var/www/html/cart/admin/view/template/module/bday.tpl on line 7
2015-11-17 12:27:10 - PHP Notice:  Undefined variable: button_cancel in /var/www/html/cart/admin/view/template/module/bday.tpl on line 10
2015-11-17 12:31:53 - PHP Notice:  Undefined variable: button_save in /var/www/html/cart/admin/view/template/module/bday.tpl on line 7
2015-11-17 12:31:53 - PHP Notice:  Undefined variable: button_cancel in /var/www/html/cart/admin/view/template/module/bday.tpl on line 10
2015-11-17 12:31:59 - PHP Notice:  Undefined variable: button_save in /var/www/html/cart/admin/view/template/module/bday.tpl on line 7
2015-11-17 12:31:59 - PHP Notice:  Undefined variable: button_cancel in /var/www/html/cart/admin/view/template/module/bday.tpl on line 10
2015-11-17 12:32:41 - PHP Notice:  Undefined variable: button_save in /var/www/html/cart/admin/view/template/module/bday.tpl on line 7
2015-11-17 12:32:41 - PHP Notice:  Undefined variable: button_cancel in /var/www/html/cart/admin/view/template/module/bday.tpl on line 10
2015-11-17 12:33:09 - PHP Notice:  Undefined variable: button_save in /var/www/html/cart/admin/view/template/module/bday.tpl on line 7
2015-11-17 12:33:09 - PHP Notice:  Undefined variable: button_cancel in /var/www/html/cart/admin/view/template/module/bday.tpl on line 10
2015-11-17 12:42:00 - PHP Notice:  Undefined variable: button_save in /var/www/html/cart/admin/view/template/module/bday.tpl on line 7
2015-11-17 12:42:00 - PHP Notice:  Undefined variable: button_cancel in /var/www/html/cart/admin/view/template/module/bday.tpl on line 10
2015-11-17 12:53:14 - PHP Notice:  Undefined variable: button_save in /var/www/html/cart/admin/view/template/module/bday.tpl on line 7
2015-11-17 12:53:14 - PHP Notice:  Undefined variable: button_cancel in /var/www/html/cart/admin/view/template/module/bday.tpl on line 10
2015-11-17 12:56:38 - PHP Notice:  Undefined variable: button_save in /var/www/html/cart/admin/view/template/module/bday.tpl on line 7
2015-11-17 12:56:38 - PHP Notice:  Undefined variable: button_cancel in /var/www/html/cart/admin/view/template/module/bday.tpl on line 10
2015-11-17 13:14:27 - PHP Notice:  Undefined variable: button_save in /var/www/html/cart/admin/view/template/module/bday.tpl on line 7
2015-11-17 13:14:27 - PHP Notice:  Undefined variable: button_cancel in /var/www/html/cart/admin/view/template/module/bday.tpl on line 10
2015-11-17 13:16:31 - PHP Notice:  Undefined variable: button_save in /var/www/html/cart/admin/view/template/module/bday.tpl on line 7
2015-11-17 13:16:31 - PHP Notice:  Undefined variable: button_cancel in /var/www/html/cart/admin/view/template/module/bday.tpl on line 10
2015-11-17 13:17:20 - PHP Notice:  Undefined variable: button_save in /var/www/html/cart/admin/view/template/module/bday.tpl on line 7
2015-11-17 13:17:20 - PHP Notice:  Undefined variable: button_cancel in /var/www/html/cart/admin/view/template/module/bday.tpl on line 10
2015-11-17 13:18:41 - PHP Notice:  Undefined variable: button_save in /var/www/html/cart/admin/view/template/module/bday.tpl on line 7
2015-11-17 13:18:41 - PHP Notice:  Undefined variable: button_cancel in /var/www/html/cart/admin/view/template/module/bday.tpl on line 10
2015-11-17 13:19:19 - PHP Notice:  Undefined variable: button_save in /var/www/html/cart/admin/view/template/module/bday.tpl on line 7
2015-11-17 13:19:19 - PHP Notice:  Undefined variable: button_cancel in /var/www/html/cart/admin/view/template/module/bday.tpl on line 10
2015-11-17 14:05:53 - PHP Notice:  Undefined variable: bday_type in /var/www/html/cart/admin/view/template/module/bday.tpl on line 59
2015-11-17 14:06:03 - PHP Notice:  Undefined variable: bday_type in /var/www/html/cart/admin/view/template/module/bday.tpl on line 59
2015-11-17 14:06:15 - PHP Notice:  Undefined variable: bday_type in /var/www/html/cart/admin/view/template/module/bday.tpl on line 59
2015-11-17 14:09:37 - PHP Notice:  Undefined variable: bday_type in /var/www/html/cart/admin/view/template/module/bday.tpl on line 59
2015-11-17 14:13:16 - PHP Notice:  Undefined variable: bday_type in /var/www/html/cart/admin/view/template/module/bday.tpl on line 59
2015-11-17 14:14:31 - PHP Notice:  Undefined variable: bday_type in /var/www/html/cart/admin/view/template/module/bday.tpl on line 59
2015-11-17 14:14:47 - PHP Notice:  Undefined variable: bday_type in /var/www/html/cart/admin/view/template/module/bday.tpl on line 59
2015-11-17 14:15:25 - PHP Notice:  Undefined variable: bday_type in /var/www/html/cart/admin/view/template/module/bday.tpl on line 59
2015-11-17 14:15:30 - PHP Notice:  Undefined variable: bday_type in /var/www/html/cart/admin/view/template/module/bday.tpl on line 59
2015-11-17 14:15:37 - PHP Notice:  Undefined variable: bday_type in /var/www/html/cart/admin/view/template/module/bday.tpl on line 59
2015-11-17 14:15:42 - PHP Notice:  Undefined variable: bday_type in /var/www/html/cart/admin/view/template/module/bday.tpl on line 59
2015-11-17 14:16:15 - PHP Notice:  Undefined variable: bday_type in /var/www/html/cart/admin/view/template/module/bday.tpl on line 59
2015-11-17 14:16:35 - PHP Notice:  Undefined variable: bday_type in /var/www/html/cart/admin/view/template/module/bday.tpl on line 59
2015-11-17 14:16:41 - PHP Notice:  Undefined variable: bday_type in /var/www/html/cart/admin/view/template/module/bday.tpl on line 59
2015-11-17 14:17:06 - PHP Notice:  Undefined variable: bday_type in /var/www/html/cart/admin/view/template/module/bday.tpl on line 59
2015-11-17 14:17:33 - PHP Notice:  Undefined variable: bday_type in /var/www/html/cart/admin/view/template/module/bday.tpl on line 59
2015-11-18 5:29:44 - PHP Notice:  Undefined variable: bday_type in /var/www/html/cart/admin/view/template/module/bday.tpl on line 59
2015-11-18 5:30:17 - PHP Notice:  Undefined variable: bday_type in /var/www/html/cart/admin/view/template/module/bday.tpl on line 59
2015-11-18 5:31:25 - PHP Notice:  Undefined variable: bday_type in /var/www/html/cart/admin/view/template/module/bday.tpl on line 59
2015-11-18 5:31:42 - PHP Notice:  Undefined variable: bday_type in /var/www/html/cart/admin/view/template/module/bday.tpl on line 59
2015-11-18 6:42:55 - PHP Notice:  Error: Can't DROP 'date_of_birth'; check that column/key exists<br />Error No: 1091<br />ALTER TABLE `oc_customer` DROP  `date_of_birth`; in /var/www/html/cart/system/library/db/mysqli.php on line 41
2015-11-18 6:43:02 - PHP Notice:  Error: You have an error in your SQL syntax; check the manual that corresponds to your MySQL server version for the right syntax to use near '`date`' at line 1<br />Error No: 1064<br />ALTER TABLE `oc_customer` ADD `date_of birth` `date`; in /var/www/html/cart/system/library/db/mysqli.php on line 41
2015-11-18 6:44:55 - PHP Notice:  Error: Can't DROP 'date_of_birth'; check that column/key exists<br />Error No: 1091<br />ALTER TABLE `oc_customer` DROP  `date_of_birth`; in /var/www/html/cart/system/library/db/mysqli.php on line 41
2015-11-18 6:46:36 - PHP Notice:  Error: Can't DROP 'date_of_birth'; check that column/key exists<br />Error No: 1091<br />ALTER TABLE `oc_customer` DROP  `date_of_birth`; in /var/www/html/cart/system/library/db/mysqli.php on line 41
2015-11-18 6:46:51 - PHP Notice:  Error: You have an error in your SQL syntax; check the manual that corresponds to your MySQL server version for the right syntax to use near '`date`' at line 1<br />Error No: 1064<br />ALTER TABLE `oc_customer` ADD `date_of birth` `date`; in /var/www/html/cart/system/library/db/mysqli.php on line 41
2015-11-18 6:53:42 - PHP Notice:  Error: Can't DROP 'date_of_birth'; check that column/key exists<br />Error No: 1091<br />ALTER TABLE `oc_customer` DROP  `date_of_birth`; in /var/www/html/cart/system/library/db/mysqli.php on line 41
2015-11-18 6:53:48 - PHP Notice:  Error: Duplicate column name 'date_of birth'<br />Error No: 1060<br />ALTER TABLE `oc_customer` ADD `date_of birth` date; in /var/www/html/cart/system/library/db/mysqli.php on line 41
2015-11-18 6:54:20 - PHP Notice:  Error: Can't DROP 'date_of_birth'; check that column/key exists<br />Error No: 1091<br />ALTER TABLE `oc_customer` DROP  `date_of_birth`; in /var/www/html/cart/system/library/db/mysqli.php on line 41
2015-11-18 6:54:50 - PHP Notice:  Error: Duplicate column name 'date_of birth'<br />Error No: 1060<br />ALTER TABLE `oc_customer` ADD `date_of birth` date; in /var/www/html/cart/system/library/db/mysqli.php on line 41
2015-11-18 6:56:21 - PHP Notice:  Error: Can't DROP 'date_of_birth'; check that column/key exists<br />Error No: 1091<br />ALTER TABLE `oc_customer` DROP  `date_of_birth`; in /var/www/html/cart/system/library/db/mysqli.php on line 41
2015-11-18 6:57:16 - PHP Notice:  Error: Duplicate column name 'date_of birth'<br />Error No: 1060<br />ALTER TABLE `oc_customer` ADD `date_of birth` date; in /var/www/html/cart/system/library/db/mysqli.php on line 41
2015-11-18 6:58:08 - PHP Notice:  Error: Duplicate column name 'date_of birth'<br />Error No: 1060<br />ALTER TABLE `oc_customer` ADD `date_of birth` date; in /var/www/html/cart/system/library/db/mysqli.php on line 41
2015-11-19 9:51:58 - PHP Notice:  Undefined property: Customer::$date_of_birth in /var/www/html/cart/catalog/controller/common/header.php on line 7
2015-11-19 9:52:17 - PHP Notice:  Undefined variable: date_of_birth in /var/www/html/cart/catalog/controller/common/header.php on line 7
2015-11-19 9:59:36 - PHP Notice:  Undefined variable: date_of_birth in /var/www/html/cart/catalog/controller/common/header.php on line 7
2015-11-19 9:59:40 - PHP Notice:  Undefined variable: date_of_birth in /var/www/html/cart/catalog/controller/common/header.php on line 7
2015-11-19 10:00:19 - PHP Notice:  Undefined property: Customer::$date_of_birth in /var/www/html/cart/system/library/customer.php on line 145
2015-11-19 10:03:21 - PHP Notice:  Undefined property: Customer::$date_of_birth in /var/www/html/cart/system/library/customer.php on line 145
2015-11-19 10:47:46 - PHP Notice:  Error: Could not load template /var/www/html/cart/catalog/view/theme/birthday/bday! in /var/www/html/cart/vqmod/vqcache/vq2-system_engine_loader.php on line 45
2015-11-19 10:48:30 - PHP Notice:  Error: Could not load template /var/www/html/cart/catalog/view/theme/birthday/bday! in /var/www/html/cart/vqmod/vqcache/vq2-system_engine_loader.php on line 45
2015-11-19 10:49:57 - PHP Notice:  Error: Could not load template /var/www/html/cart/catalog/view/theme/birthday/bday! in /var/www/html/cart/vqmod/vqcache/vq2-system_engine_loader.php on line 45
2015-11-19 10:50:00 - PHP Notice:  Error: Could not load template /var/www/html/cart/catalog/view/theme/birthday/bday! in /var/www/html/cart/vqmod/vqcache/vq2-system_engine_loader.php on line 45
2015-11-19 11:00:57 - PHP Notice:  Error: Could not load template /var/www/html/cart/catalog/view/theme/birthday/bday! in /var/www/html/cart/vqmod/vqcache/vq2-system_engine_loader.php on line 45
2015-11-19 11:01:27 - PHP Notice:  Error: Could not load template /var/www/html/cart/catalog/view/theme/birthday/bday! in /var/www/html/cart/vqmod/vqcache/vq2-system_engine_loader.php on line 45
2015-11-19 11:37:08 - PHP Notice:  Undefined variable: data in /var/www/html/cart/catalog/controller/common/home.php on line 20
2015-11-19 11:37:08 - PHP Warning:  extract() expects parameter 1 to be array, null given in /var/www/html/cart/vqmod/vqcache/vq2-system_engine_loader.php on line 33
2015-11-19 11:37:08 - PHP Notice:  Undefined variable: header in /var/www/html/cart/catalog/view/theme/default/template/common/home.tpl on line 1
2015-11-19 11:37:08 - PHP Notice:  Undefined variable: column_left in /var/www/html/cart/catalog/view/theme/default/template/common/home.tpl on line 3
2015-11-19 11:37:08 - PHP Notice:  Undefined variable: column_left in /var/www/html/cart/catalog/view/theme/default/template/common/home.tpl on line 4
2015-11-19 11:37:08 - PHP Notice:  Undefined variable: column_right in /var/www/html/cart/catalog/view/theme/default/template/common/home.tpl on line 6
2015-11-19 11:37:08 - PHP Notice:  Undefined variable: content_top in /var/www/html/cart/catalog/view/theme/default/template/common/home.tpl on line 11
2015-11-19 11:37:08 - PHP Notice:  Undefined variable: content_bottom in /var/www/html/cart/catalog/view/theme/default/template/common/home.tpl on line 11
2015-11-19 11:37:08 - PHP Notice:  Undefined variable: column_right in /var/www/html/cart/catalog/view/theme/default/template/common/home.tpl on line 12
2015-11-19 11:37:08 - PHP Notice:  Undefined variable: footer in /var/www/html/cart/catalog/view/theme/default/template/common/home.tpl on line 14
2015-11-19 13:06:34 - PHP Notice:  Undefined variable: bday_popup in /var/www/html/cart/catalog/view/theme/default/template/common/home.tpl on line 14
2015-11-20 12:37:41 - PHP Notice:  Undefined variable: form in /var/www/html/cart/catalog/controller/birthday/bday.php on line 21
2015-11-20 13:06:26 - PHP Notice:  Array to string conversion in /var/www/html/cart/catalog/controller/birthday/bday.php on line 22
2015-11-20 13:07:24 - PHP Notice:  Array to string conversion in /var/www/html/cart/catalog/controller/birthday/bday.php on line 22
2015-11-20 13:17:25 - PHP Notice:  Use of undefined constant DateOfBirth - assumed 'DateOfBirth' in /var/www/html/cart/catalog/controller/birthday/bday.php on line 21
2015-11-20 13:24:57 - PHP Notice:  Undefined index: customer_id in /var/www/html/cart/catalog/controller/birthday/bday.php on line 22
2015-11-20 14:03:58 - PHP Notice:  Undefined index: DateOfBirth in /var/www/html/cart/catalog/controller/birthday/bday.php on line 21
2015-11-20 14:08:34 - PHP Notice:  Undefined index: DateOfBirth in /var/www/html/cart/catalog/controller/birthday/bday.php on line 21
2015-11-21 7:04:06 - PHP Notice:  Undefined index: DateOfBirth in /var/www/html/cart/catalog/controller/birthday/bday.php on line 21
2015-11-21 7:04:15 - PHP Notice:  Undefined index: DateOfBirth in /var/www/html/cart/catalog/controller/birthday/bday.php on line 21
2015-11-21 10:17:40 - PHP Notice:  Undefined index: DateOfBirth in /var/www/html/cart/catalog/controller/birthday/bday.php on line 21
2015-11-21 10:19:06 - PHP Notice:  Undefined index: DateOfBirth in /var/www/html/cart/catalog/controller/birthday/bday.php on line 21
2015-11-21 10:19:20 - PHP Notice:  Undefined index: DateOfBirth in /var/www/html/cart/catalog/controller/birthday/bday.php on line 21
2015-11-21 10:19:41 - PHP Notice:  Undefined index: DateOfBirth in /var/www/html/cart/catalog/controller/birthday/bday.php on line 21
2015-11-21 10:24:01 - PHP Notice:  Undefined index: DateOfBirth in /var/www/html/cart/catalog/controller/birthday/bday.php on line 21
